📡 Streaming metrics from PID 13032 -> artifacts/run.jsonl
Attach another terminal with 'rldk monitor --stream artifacts/run.jsonl --rules rules.yaml --pid 13032' to watch and auto-stop when KL spikes.
Press Ctrl+C to stop or allow an RLDK monitor stop action to terminate the loop.
{"time": "2025-09-19T22:27:08.954971Z", "step": 1, "name": "kl", "value": 0.07278853596915769, "meta": {"source": "minimal_loop"}}
{"time": "2025-09-19T22:27:08.955087Z", "step": 1, "name": "reward", "value": 0.3660004302089067, "meta": {"source": "minimal_loop"}}
{"time": "2025-09-19T22:27:08.955147Z", "step": 1, "name": "grad_norm", "value": 2.530011727347648, "meta": {"source": "minimal_loop"}}
{"time": "2025-09-19T22:27:09.055307Z", "step": 2, "name": "kl", "value": 0.08446421476297646, "meta": {"source": "minimal_loop"}}
{"time": "2025-09-19T22:27:09.055419Z", "step": 2, "name": "reward", "value": 0.3794588485665605, "meta": {"source": "minimal_loop"}}
{"time": "2025-09-19T22:27:09.055471Z", "step": 2, "name": "grad_norm", "value": 2.8106797949691646, "meta": {"source": "minimal_loop"}}
{"time": "2025-09-19T22:27:09.155634Z", "step": 3, "name": "kl", "value": 0.1178435913540969, "meta": {"source": "minimal_loop"}}
{"time": "2025-09-19T22:27:09.155738Z", "step": 3, "name": "reward", "value": 0.3384775533051767, "meta": {"source": "minimal_loop"}}
{"time": "2025-09-19T22:27:09.155784Z", "step": 3, "name": "grad_norm", "value": 2.828768727874108, "meta": {"source": "minimal_loop"}}
{"time": "2025-09-19T22:27:09.256006Z", "step": 4, "name": "kl", "value": 0.12059594438876141, "meta": {"source": "minimal_loop"}}
{"time": "2025-09-19T22:27:09.256162Z", "step": 4, "name": "reward", "value": 0.32874551899214416, "meta": {"source": "minimal_loop"}}
{"time": "2025-09-19T22:27:09.256212Z", "step": 4, "name": "grad_norm", "value": 2.982142115241345, "meta": {"source": "minimal_loop"}}
{"time": "2025-09-19T22:27:09.356430Z", "step": 5, "name": "kl", "value": 0.14053071939367728, "meta": {"source": "minimal_loop"}}
{"time": "2025-09-19T22:27:09.356556Z", "step": 5, "name": "reward", "value": 0.31295350602746597, "meta": {"source": "minimal_loop"}}
{"time": "2025-09-19T22:27:09.356611Z", "step": 5, "name": "grad_norm", "value": 3.159953775111809, "meta": {"source": "minimal_loop"}}
{"time": "2025-09-19T22:27:09.457345Z", "step": 6, "name": "kl", "value": 0.17089882961206432, "meta": {"source": "minimal_loop"}}
{"time": "2025-09-19T22:27:09.457470Z", "step": 6, "name": "reward", "value": 0.29881762488162794, "meta": {"source": "minimal_loop"}}
{"time": "2025-09-19T22:27:09.457525Z", "step": 6, "name": "grad_norm", "value": 3.2557062735503632, "meta": {"source": "minimal_loop"}}
{"time": "2025-09-19T22:27:09.557739Z", "step": 7, "name": "kl", "value": 0.19618860913355654, "meta": {"source": "minimal_loop"}}
{"time": "2025-09-19T22:27:09.557862Z", "step": 7, "name": "reward", "value": 0.2752599503871225, "meta": {"source": "minimal_loop"}}
{"time": "2025-09-19T22:27:09.557955Z", "step": 7, "name": "grad_norm", "value": 3.4623277007331232, "meta": {"source": "minimal_loop"}}
{"time": "2025-09-19T22:27:09.658121Z", "step": 8, "name": "kl", "value": 0.21396278789976456, "meta": {"source": "minimal_loop"}}
{"time": "2025-09-19T22:27:09.658261Z", "step": 8, "name": "reward", "value": 0.2736100206607197, "meta": {"source": "minimal_loop"}}
{"time": "2025-09-19T22:27:09.658321Z", "step": 8, "name": "grad_norm", "value": 3.3221917999247124, "meta": {"source": "minimal_loop"}}
{"time": "2025-09-19T22:27:09.758474Z", "step": 9, "name": "kl", "value": 0.23914426144413561, "meta": {"source": "minimal_loop"}}
{"time": "2025-09-19T22:27:09.758643Z", "step": 9, "name": "reward", "value": 0.2584637818045051, "meta": {"source": "minimal_loop"}}
{"time": "2025-09-19T22:27:09.758694Z", "step": 9, "name": "grad_norm", "value": 3.4170983373520594, "meta": {"source": "minimal_loop"}}
{"time": "2025-09-19T22:27:09.858850Z", "step": 10, "name": "kl", "value": 0.24193432753666927, "meta": {"source": "minimal_loop"}}
{"time": "2025-09-19T22:27:09.859006Z", "step": 10, "name": "reward", "value": 0.2638997746538984, "meta": {"source": "minimal_loop"}}
{"time": "2025-09-19T22:27:09.859071Z", "step": 10, "name": "grad_norm", "value": 3.7414904125467565, "meta": {"source": "minimal_loop"}}
{"time": "2025-09-19T22:27:09.959270Z", "step": 11, "name": "kl", "value": 0.2761425654654876, "meta": {"source": "minimal_loop"}}
{"time": "2025-09-19T22:27:09.959398Z", "step": 11, "name": "reward", "value": 0.24418927146775277, "meta": {"source": "minimal_loop"}}
{"time": "2025-09-19T22:27:09.959437Z", "step": 11, "name": "grad_norm", "value": 3.83449123658188, "meta": {"source": "minimal_loop"}}
{"time": "2025-09-19T22:27:10.062466Z", "step": 12, "name": "kl", "value": 0.2994623152795874, "meta": {"source": "minimal_loop"}}
{"time": "2025-09-19T22:27:10.062629Z", "step": 12, "name": "reward", "value": 0.21514137508833417, "meta": {"source": "minimal_loop"}}
{"time": "2025-09-19T22:27:10.062672Z", "step": 12, "name": "grad_norm", "value": 3.9608162525092907, "meta": {"source": "minimal_loop"}}
{"time": "2025-09-19T22:27:10.162842Z", "step": 13, "name": "kl", "value": 0.3165880932850599, "meta": {"source": "minimal_loop"}}
{"time": "2025-09-19T22:27:10.163017Z", "step": 13, "name": "reward", "value": 0.20974079009456986, "meta": {"source": "minimal_loop"}}
{"time": "2025-09-19T22:27:10.163065Z", "step": 13, "name": "grad_norm", "value": 4.204682760124311, "meta": {"source": "minimal_loop"}}
{"time": "2025-09-19T22:27:10.263234Z", "step": 14, "name": "kl", "value": 0.33154704290513526, "meta": {"source": "minimal_loop"}}
{"time": "2025-09-19T22:27:10.263392Z", "step": 14, "name": "reward", "value": 0.19818287344859697, "meta": {"source": "minimal_loop"}}
{"time": "2025-09-19T22:27:10.263446Z", "step": 14, "name": "grad_norm", "value": 3.9983297534622646, "meta": {"source": "minimal_loop"}}
{"time": "2025-09-19T22:27:10.363652Z", "step": 15, "name": "kl", "value": 0.3445579655130309, "meta": {"source": "minimal_loop"}}
{"time": "2025-09-19T22:27:10.363782Z", "step": 15, "name": "reward", "value": 0.16657551854408434, "meta": {"source": "minimal_loop"}}
{"time": "2025-09-19T22:27:10.363832Z", "step": 15, "name": "grad_norm", "value": 4.131916790769451, "meta": {"source": "minimal_loop"}}
{"time": "2025-09-19T22:27:10.464029Z", "step": 16, "name": "kl", "value": 0.3646558177272206, "meta": {"source": "minimal_loop"}}
{"time": "2025-09-19T22:27:10.464149Z", "step": 16, "name": "reward", "value": 0.14404005717638918, "meta": {"source": "minimal_loop"}}
{"time": "2025-09-19T22:27:10.464199Z", "step": 16, "name": "grad_norm", "value": 4.331189441244037, "meta": {"source": "minimal_loop"}}
{"time": "2025-09-19T22:27:10.564397Z", "step": 17, "name": "kl", "value": 0.392713688885288, "meta": {"source": "minimal_loop"}}
{"time": "2025-09-19T22:27:10.564517Z", "step": 17, "name": "reward", "value": 0.1395932871588034, "meta": {"source": "minimal_loop"}}
{"time": "2025-09-19T22:27:10.564563Z", "step": 17, "name": "grad_norm", "value": 4.488072386846753, "meta": {"source": "minimal_loop"}}
{"time": "2025-09-19T22:27:10.664780Z", "step": 18, "name": "kl", "value": 0.40419014061542974, "meta": {"source": "minimal_loop"}}
{"time": "2025-09-19T22:27:10.664947Z", "step": 18, "name": "reward", "value": 0.12067911288196453, "meta": {"source": "minimal_loop"}}
{"time": "2025-09-19T22:27:10.664998Z", "step": 18, "name": "grad_norm", "value": 4.834661835084998, "meta": {"source": "minimal_loop"}}
{"time": "2025-09-19T22:27:10.765214Z", "step": 19, "name": "kl", "value": 0.4329607077049319, "meta": {"source": "minimal_loop"}}
{"time": "2025-09-19T22:27:10.765395Z", "step": 19, "name": "reward", "value": 0.11936524022667958, "meta": {"source": "minimal_loop"}}
{"time": "2025-09-19T22:27:10.765446Z", "step": 19, "name": "grad_norm", "value": 4.648455459279238, "meta": {"source": "minimal_loop"}}
{"time": "2025-09-19T22:27:10.865692Z", "step": 20, "name": "kl", "value": 0.454582535959007, "meta": {"source": "minimal_loop"}}
{"time": "2025-09-19T22:27:10.865870Z", "step": 20, "name": "reward", "value": 0.08653609975047717, "meta": {"source": "minimal_loop"}}
{"time": "2025-09-19T22:27:10.865971Z", "step": 20, "name": "grad_norm", "value": 4.851782176703059, "meta": {"source": "minimal_loop"}}
{"time": "2025-09-19T22:27:10.966227Z", "step": 21, "name": "kl", "value": 0.47979046701273187, "meta": {"source": "minimal_loop"}}
{"time": "2025-09-19T22:27:10.966484Z", "step": 21, "name": "reward", "value": 0.09059999039416373, "meta": {"source": "minimal_loop"}}
{"time": "2025-09-19T22:27:10.966540Z", "step": 21, "name": "grad_norm", "value": 5.042779897509858, "meta": {"source": "minimal_loop"}}
{"time": "2025-09-19T22:27:11.066784Z", "step": 22, "name": "kl", "value": 0.4936922850197975, "meta": {"source": "minimal_loop"}}
{"time": "2025-09-19T22:27:11.066975Z", "step": 22, "name": "reward", "value": 0.08371407680759245, "meta": {"source": "minimal_loop"}}
{"time": "2025-09-19T22:27:11.067027Z", "step": 22, "name": "grad_norm", "value": 5.250399964618498, "meta": {"source": "minimal_loop"}}
{"time": "2025-09-19T22:27:11.167227Z", "step": 23, "name": "kl", "value": 0.5045809614392821, "meta": {"source": "minimal_loop"}}
{"time": "2025-09-19T22:27:11.167345Z", "step": 23, "name": "reward", "value": 0.036284009756161556, "meta": {"source": "minimal_loop"}}
{"time": "2025-09-19T22:27:11.167387Z", "step": 23, "name": "grad_norm", "value": 5.1861812192236325, "meta": {"source": "minimal_loop"}}
{"time": "2025-09-19T22:27:11.267585Z", "step": 24, "name": "kl", "value": 0.5253548175195141, "meta": {"source": "minimal_loop"}}
{"time": "2025-09-19T22:27:11.267718Z", "step": 24, "name": "reward", "value": 0.02843931374345309, "meta": {"source": "minimal_loop"}}
{"time": "2025-09-19T22:27:11.267768Z", "step": 24, "name": "grad_norm", "value": 5.557163885734021, "meta": {"source": "minimal_loop"}}
{"time": "2025-09-19T22:27:11.367942Z", "step": 25, "name": "kl", "value": 0.5575273525294534, "meta": {"source": "minimal_loop"}}
{"time": "2025-09-19T22:27:11.368058Z", "step": 25, "name": "reward", "value": 0.01758711523193914, "meta": {"source": "minimal_loop"}}
{"time": "2025-09-19T22:27:11.368109Z", "step": 25, "name": "grad_norm", "value": 5.562175466117952, "meta": {"source": "minimal_loop"}}
{"time": "2025-09-19T22:27:11.468306Z", "step": 26, "name": "kl", "value": 0.5679126380212134, "meta": {"source": "minimal_loop"}}
{"time": "2025-09-19T22:27:11.468419Z", "step": 26, "name": "reward", "value": 0.026581903589621748, "meta": {"source": "minimal_loop"}}
{"time": "2025-09-19T22:27:11.468469Z", "step": 26, "name": "grad_norm", "value": 5.603540741034959, "meta": {"source": "minimal_loop"}}
{"time": "2025-09-19T22:27:11.568620Z", "step": 27, "name": "kl", "value": 0.5852976033299612, "meta": {"source": "minimal_loop"}}
{"time": "2025-09-19T22:27:11.568727Z", "step": 27, "name": "reward", "value": -0.01513489969224061, "meta": {"source": "minimal_loop"}}
{"time": "2025-09-19T22:27:11.568773Z", "step": 27, "name": "grad_norm", "value": 5.764547253665261, "meta": {"source": "minimal_loop"}}
{"time": "2025-09-19T22:27:11.668948Z", "step": 28, "name": "kl", "value": 0.6052548321704588, "meta": {"source": "minimal_loop"}}
{"time": "2025-09-19T22:27:11.669085Z", "step": 28, "name": "reward", "value": -0.01661656039105834, "meta": {"source": "minimal_loop"}}
{"time": "2025-09-19T22:27:11.669136Z", "step": 28, "name": "grad_norm", "value": 6.01912915344099, "meta": {"source": "minimal_loop"}}
{"time": "2025-09-19T22:27:11.769282Z", "step": 29, "name": "kl", "value": 0.6279880101028079, "meta": {"source": "minimal_loop"}}
{"time": "2025-09-19T22:27:11.769411Z", "step": 29, "name": "reward", "value": -0.04622716963370864, "meta": {"source": "minimal_loop"}}
{"time": "2025-09-19T22:27:11.769454Z", "step": 29, "name": "grad_norm", "value": 6.179015042598045, "meta": {"source": "minimal_loop"}}
{"time": "2025-09-19T22:27:11.869650Z", "step": 30, "name": "kl", "value": 0.6501905258735293, "meta": {"source": "minimal_loop"}}
{"time": "2025-09-19T22:27:11.869789Z", "step": 30, "name": "reward", "value": -0.06636362351304817, "meta": {"source": "minimal_loop"}}
{"time": "2025-09-19T22:27:11.869845Z", "step": 30, "name": "grad_norm", "value": 5.918846550169894, "meta": {"source": "minimal_loop"}}
{"time": "2025-09-19T22:27:11.970104Z", "step": 31, "name": "kl", "value": 0.6621929826070132, "meta": {"source": "minimal_loop"}}
{"time": "2025-09-19T22:27:11.970215Z", "step": 31, "name": "reward", "value": -0.05990215833187634, "meta": {"source": "minimal_loop"}}
{"time": "2025-09-19T22:27:11.970277Z", "step": 31, "name": "grad_norm", "value": 6.336831745745186, "meta": {"source": "minimal_loop"}}
{"time": "2025-09-19T22:27:12.070491Z", "step": 32, "name": "kl", "value": 0.6884431993359937, "meta": {"source": "minimal_loop"}}
{"time": "2025-09-19T22:27:12.070611Z", "step": 32, "name": "reward", "value": -0.09745889175392167, "meta": {"source": "minimal_loop"}}
{"time": "2025-09-19T22:27:12.070661Z", "step": 32, "name": "grad_norm", "value": 6.292647714602615, "meta": {"source": "minimal_loop"}}
{"time": "2025-09-19T22:27:12.170849Z", "step": 33, "name": "kl", "value": 0.719922427604802, "meta": {"source": "minimal_loop"}}
{"time": "2025-09-19T22:27:12.170990Z", "step": 33, "name": "reward", "value": -0.0938354261960345, "meta": {"source": "minimal_loop"}}
{"time": "2025-09-19T22:27:12.171041Z", "step": 33, "name": "grad_norm", "value": 6.648431351045447, "meta": {"source": "minimal_loop"}}
{"time": "2025-09-19T22:27:12.274430Z", "step": 34, "name": "kl", "value": 0.7372155940446901, "meta": {"source": "minimal_loop"}}
{"time": "2025-09-19T22:27:12.274544Z", "step": 34, "name": "reward", "value": -0.1295407591222872, "meta": {"source": "minimal_loop"}}
{"time": "2025-09-19T22:27:12.274586Z", "step": 34, "name": "grad_norm", "value": 6.668288727744078, "meta": {"source": "minimal_loop"}}
{"time": "2025-09-19T22:27:12.374725Z", "step": 35, "name": "kl", "value": 0.7536342073805316, "meta": {"source": "minimal_loop"}}
{"time": "2025-09-19T22:27:12.374834Z", "step": 35, "name": "reward", "value": -0.12352118678364819, "meta": {"source": "minimal_loop"}}
{"time": "2025-09-19T22:27:12.374900Z", "step": 35, "name": "grad_norm", "value": 6.606730075981018, "meta": {"source": "minimal_loop"}}
{"time": "2025-09-19T22:27:12.475056Z", "step": 36, "name": "kl", "value": 0.7728192359715962, "meta": {"source": "minimal_loop"}}
{"time": "2025-09-19T22:27:12.475144Z", "step": 36, "name": "reward", "value": -0.15553791305616496, "meta": {"source": "minimal_loop"}}
{"time": "2025-09-19T22:27:12.475181Z", "step": 36, "name": "grad_norm", "value": 6.793906100267642, "meta": {"source": "minimal_loop"}}
{"time": "2025-09-19T22:27:12.575361Z", "step": 37, "name": "kl", "value": 0.7890744741265842, "meta": {"source": "minimal_loop"}}
{"time": "2025-09-19T22:27:12.575476Z", "step": 37, "name": "reward", "value": -0.13684736289915672, "meta": {"source": "minimal_loop"}}
{"time": "2025-09-19T22:27:12.575527Z", "step": 37, "name": "grad_norm", "value": 7.090341176151277, "meta": {"source": "minimal_loop"}}
{"time": "2025-09-19T22:27:12.675707Z", "step": 38, "name": "kl", "value": 0.8052677810150218, "meta": {"source": "minimal_loop"}}
{"time": "2025-09-19T22:27:12.675805Z", "step": 38, "name": "reward", "value": -0.169976555477988, "meta": {"source": "minimal_loop"}}
{"time": "2025-09-19T22:27:12.675846Z", "step": 38, "name": "grad_norm", "value": 6.931460752212052, "meta": {"source": "minimal_loop"}}
{"time": "2025-09-19T22:27:12.776096Z", "step": 39, "name": "kl", "value": 0.8382525567868965, "meta": {"source": "minimal_loop"}}
{"time": "2025-09-19T22:27:12.776263Z", "step": 39, "name": "reward", "value": -0.17017925720652927, "meta": {"source": "minimal_loop"}}
{"time": "2025-09-19T22:27:12.776317Z", "step": 39, "name": "grad_norm", "value": 7.099377916579453, "meta": {"source": "minimal_loop"}}
{"time": "2025-09-19T22:27:12.876560Z", "step": 40, "name": "kl", "value": 0.8527789898973201, "meta": {"source": "minimal_loop"}}
{"time": "2025-09-19T22:27:12.876747Z", "step": 40, "name": "reward", "value": -0.19564119154247306, "meta": {"source": "minimal_loop"}}
{"time": "2025-09-19T22:27:12.876798Z", "step": 40, "name": "grad_norm", "value": 7.161135707419854, "meta": {"source": "minimal_loop"}}
{"time": "2025-09-19T22:27:12.976981Z", "step": 41, "name": "kl", "value": 0.8752502160015031, "meta": {"source": "minimal_loop"}}
{"time": "2025-09-19T22:27:12.977102Z", "step": 41, "name": "reward", "value": -0.21342483879521496, "meta": {"source": "minimal_loop"}}
{"time": "2025-09-19T22:27:12.977165Z", "step": 41, "name": "grad_norm", "value": 7.531450591452224, "meta": {"source": "minimal_loop"}}
{"time": "2025-09-19T22:27:13.077363Z", "step": 42, "name": "kl", "value": 0.8906070734439036, "meta": {"source": "minimal_loop"}}
{"time": "2025-09-19T22:27:13.077481Z", "step": 42, "name": "reward", "value": -0.24997712415488224, "meta": {"source": "minimal_loop"}}
{"time": "2025-09-19T22:27:13.077531Z", "step": 42, "name": "grad_norm", "value": 7.4696624228018695, "meta": {"source": "minimal_loop"}}
{"time": "2025-09-19T22:27:13.177713Z", "step": 43, "name": "kl", "value": 0.9003895348477167, "meta": {"source": "minimal_loop"}}
{"time": "2025-09-19T22:27:13.177822Z", "step": 43, "name": "reward", "value": -0.2278360553494153, "meta": {"source": "minimal_loop"}}
{"time": "2025-09-19T22:27:13.177869Z", "step": 43, "name": "grad_norm", "value": 7.811488751129274, "meta": {"source": "minimal_loop"}}
{"time": "2025-09-19T22:27:13.278100Z", "step": 44, "name": "kl", "value": 0.9366333105872237, "meta": {"source": "minimal_loop"}}
{"time": "2025-09-19T22:27:13.278220Z", "step": 44, "name": "reward", "value": -0.2676994349838934, "meta": {"source": "minimal_loop"}}
{"time": "2025-09-19T22:27:13.278272Z", "step": 44, "name": "grad_norm", "value": 7.6031700665976745, "meta": {"source": "minimal_loop"}}
{"time": "2025-09-19T22:27:13.378467Z", "step": 45, "name": "kl", "value": 0.9575601919840809, "meta": {"source": "minimal_loop"}}
{"time": "2025-09-19T22:27:13.378577Z", "step": 45, "name": "reward", "value": -0.25712202218808017, "meta": {"source": "minimal_loop"}}
{"time": "2025-09-19T22:27:13.378624Z", "step": 45, "name": "grad_norm", "value": 7.734261380827151, "meta": {"source": "minimal_loop"}}
{"time": "2025-09-19T22:27:13.478819Z", "step": 46, "name": "kl", "value": 0.9697198092663324, "meta": {"source": "minimal_loop"}}
{"time": "2025-09-19T22:27:13.478961Z", "step": 46, "name": "reward", "value": -0.3072314992612646, "meta": {"source": "minimal_loop"}}
{"time": "2025-09-19T22:27:13.479012Z", "step": 46, "name": "grad_norm", "value": 8.124240866102893, "meta": {"source": "minimal_loop"}}
{"time": "2025-09-19T22:27:13.579224Z", "step": 47, "name": "kl", "value": 0.9953166885861399, "meta": {"source": "minimal_loop"}}
{"time": "2025-09-19T22:27:13.579353Z", "step": 47, "name": "reward", "value": -0.3198643414200094, "meta": {"source": "minimal_loop"}}
{"time": "2025-09-19T22:27:13.579400Z", "step": 47, "name": "grad_norm", "value": 8.130112951239493, "meta": {"source": "minimal_loop"}}
{"time": "2025-09-19T22:27:13.679589Z", "step": 48, "name": "kl", "value": 1.010996071869899, "meta": {"source": "minimal_loop"}}
{"time": "2025-09-19T22:27:13.679708Z", "step": 48, "name": "reward", "value": -0.3293977348423976, "meta": {"source": "minimal_loop"}}
{"time": "2025-09-19T22:27:13.679760Z", "step": 48, "name": "grad_norm", "value": 8.408973216434102, "meta": {"source": "minimal_loop"}}
{"time": "2025-09-19T22:27:13.779950Z", "step": 49, "name": "kl", "value": 1.0284627588040178, "meta": {"source": "minimal_loop"}}
{"time": "2025-09-19T22:27:13.780070Z", "step": 49, "name": "reward", "value": -0.3465280717823167, "meta": {"source": "minimal_loop"}}
{"time": "2025-09-19T22:27:13.780121Z", "step": 49, "name": "grad_norm", "value": 8.395718435511782, "meta": {"source": "minimal_loop"}}
✅ Loop finished after 4.93s and 50 steps
